Using pre-set license
Built from '2020.3/release' branch; Version is '2020.3.7f1 (dd97f2c94397) revision 14522354'; Using compiler version '192528614'; Build Type 'Release'
OS: 'Windows 10 Home; OS build 19042.1348; Version 2009; 64bit' Language: 'en' Physical Memory: 8141 MB
BatchMode: 1, IsHumanControllingUs: 0, StartBugReporterOnCrash: 0, Is64bit: 1, IsPro: 0

 COMMAND LINE ARGUMENTS:
C:\Program Files\Unity\Hub\Editor\2020.3.7f1\Editor\Unity.exe
-adb2
-batchMode
-noUpm
-name
AssetImportWorker1
-projectPath
D:/Air_Hockey_AI_Opponent
-logFile
Logs/AssetImportWorker1.log
-srvPort
58078
Successfully changed project path to: D:/Air_Hockey_AI_Opponent
D:/Air_Hockey_AI_Opponent
Using Asset Import Pipeline V2.
Refreshing native plugins compatible for Editor in 61.26 ms, found 2 plugins.
Preloading 0 native plugins for Editor in 0.00 ms.
Initialize engine version: 2020.3.7f1 (dd97f2c94397)
[Subsystems] Discovering subsystems at path C:/Program Files/Unity/Hub/Editor/2020.3.7f1/Editor/Data/Resources/UnitySubsystems
[Subsystems] Discovering subsystems at path D:/Air_Hockey_AI_Opponent/Assets
GfxDevice: creating device client; threaded=0
Direct3D:
    Version:  Direct3D 11.0 [level 11.1]
    Renderer: NVIDIA GeForce GTX 1060 3GB (ID=0x1c02)
    Vendor:   
    VRAM:     2988 MB
    Driver:   27.21.14.5671
Initialize mono
Mono path[0] = 'C:/Program Files/Unity/Hub/Editor/2020.3.7f1/Editor/Data/Managed'
Mono path[1] = 'C:/Program Files/Unity/Hub/Editor/2020.3.7f1/Editor/Data/MonoBleedingEdge/lib/mono/unityjit'
Mono config path = 'C:/Program Files/Unity/Hub/Editor/2020.3.7f1/Editor/Data/MonoBleedingEdge/etc'
Using monoOptions --debugger-agent=transport=dt_socket,embedding=1,server=y,suspend=n,address=127.0.0.1:56052
Begin MonoManager ReloadAssembly
Registering precompiled unity dll's ...
Register platform support module: C:/Program Files/Unity/Hub/Editor/2020.3.7f1/Editor/Data/PlaybackEngines/WindowsStandaloneSupport/UnityEditor.WindowsStandalone.Extensions.dll
Registered in 0.002534 seconds.
Native extension for WindowsStandalone target not found
Refreshing native plugins compatible for Editor in 62.49 ms, found 2 plugins.
Preloading 0 native plugins for Editor in 0.00 ms.
Mono: successfully reloaded assembly
- Completed reload, in  2.203 seconds
Platform modules already initialized, skipping
Registering precompiled user dll's ...
Registered in 0.005348 seconds.
Begin MonoManager ReloadAssembly
Native extension for WindowsStandalone target not found
Refreshing native plugins compatible for Editor in 49.14 ms, found 2 plugins.
Preloading 0 native plugins for Editor in 0.00 ms.
Mono: successfully reloaded assembly
- Completed reload, in  1.847 seconds
Platform modules already initialized, skipping
========================================================================
Worker process is ready to serve import requests
Launched and connected shader compiler UnityShaderCompiler.exe after 0.18 seconds
Refreshing native plugins compatible for Editor in 0.53 ms, found 2 plugins.
Preloading 0 native plugins for Editor in 0.00 ms.
Unloading 2316 Unused Serialized files (Serialized files now loaded: 0)
System memory in use before: 108.1 MB.
System memory in use after: 108.1 MB.

Unloading 42 unused Assets to reduce memory usage. Loaded Objects now: 2744.
Total: 3.376700 ms (FindLiveObjects: 0.491200 ms CreateObjectMapping: 0.216100 ms MarkObjects: 2.499900 ms  DeleteObjects: 0.168600 ms)

========================================================================
Received Import Request.
  path: Assets/Scenes/Game.unity
  artifactKey: Guid(60287f7837d53c344b1f4fad4866863f) Importer(815301076,1909f56bfc062723c751e8b465ee728b)
Start importing Assets/Scenes/Game.unity using Guid(60287f7837d53c344b1f4fad4866863f) Importer(815301076,1909f56bfc062723c751e8b465ee728b)  -> (artifact id: '673f8905038334f9b4ef378c179aac57') in 0.050160 seconds
  Import took 0.075794 seconds .

========================================================================
Received Prepare
Registering precompiled user dll's ...
Registered in 0.004502 seconds.
Begin MonoManager ReloadAssembly
Native extension for WindowsStandalone target not found
Refreshing native plugins compatible for Editor in 1.02 ms, found 2 plugins.
Preloading 0 native plugins for Editor in 0.00 ms.
Mono: successfully reloaded assembly
- Completed reload, in  1.219 seconds
Platform modules already initialized, skipping
Refreshing native plugins compatible for Editor in 0.96 ms, found 2 plugins.
Preloading 0 native plugins for Editor in 0.00 ms.
Unloading 2298 Unused Serialized files (Serialized files now loaded: 0)
System memory in use before: 106.8 MB.
System memory in use after: 106.8 MB.

Unloading 29 unused Assets to reduce memory usage. Loaded Objects now: 2749.
Total: 2.816700 ms (FindLiveObjects: 0.337200 ms CreateObjectMapping: 0.118600 ms MarkObjects: 2.157100 ms  DeleteObjects: 0.202800 ms)

========================================================================
Received Prepare
Registering precompiled user dll's ...
Registered in 0.005441 seconds.
Begin MonoManager ReloadAssembly
Native extension for WindowsStandalone target not found
Refreshing native plugins compatible for Editor in 0.53 ms, found 2 plugins.
Preloading 0 native plugins for Editor in 0.00 ms.
Mono: successfully reloaded assembly
- Completed reload, in  1.207 seconds
Platform modules already initialized, skipping
Refreshing native plugins compatible for Editor in 0.54 ms, found 2 plugins.
Preloading 0 native plugins for Editor in 0.00 ms.
Unloading 2298 Unused Serialized files (Serialized files now loaded: 0)
System memory in use before: 106.8 MB.
System memory in use after: 106.9 MB.

Unloading 29 unused Assets to reduce memory usage. Loaded Objects now: 2754.
Total: 3.160600 ms (FindLiveObjects: 0.521500 ms CreateObjectMapping: 0.390700 ms MarkObjects: 2.099400 ms  DeleteObjects: 0.147800 ms)

========================================================================
Received Import Request.
  Time since last request: 501.217622 seconds.
  path: Assets/Sprites/pngegg.png
  artifactKey: Guid(b9a94dafaea036741982cfd3b86dffdb) Importer(815301076,1909f56bfc062723c751e8b465ee728b)
Start importing Assets/Sprites/pngegg.png using Guid(b9a94dafaea036741982cfd3b86dffdb) Importer(815301076,1909f56bfc062723c751e8b465ee728b)  -> (artifact id: 'd8f703ea3c460d28e2d25b969132c3f4') in 0.247118 seconds
  Import took 0.274689 seconds .

========================================================================
Received Prepare
Registering precompiled user dll's ...
Registered in 0.050213 seconds.
Begin MonoManager ReloadAssembly
Native extension for WindowsStandalone target not found
Refreshing native plugins compatible for Editor in 0.55 ms, found 2 plugins.
Preloading 0 native plugins for Editor in 0.00 ms.
Mono: successfully reloaded assembly
- Completed reload, in  1.178 seconds
Platform modules already initialized, skipping
Refreshing native plugins compatible for Editor in 0.56 ms, found 2 plugins.
Preloading 0 native plugins for Editor in 0.00 ms.
Unloading 2298 Unused Serialized files (Serialized files now loaded: 0)
System memory in use before: 109.8 MB.
System memory in use after: 109.9 MB.

Unloading 29 unused Assets to reduce memory usage. Loaded Objects now: 2765.
Total: 2.845700 ms (FindLiveObjects: 0.262200 ms CreateObjectMapping: 0.163400 ms MarkObjects: 2.292800 ms  DeleteObjects: 0.125900 ms)

========================================================================
Received Prepare
Registering precompiled user dll's ...
Registered in 0.005556 seconds.
Begin MonoManager ReloadAssembly
Native extension for WindowsStandalone target not found
Refreshing native plugins compatible for Editor in 0.56 ms, found 2 plugins.
Preloading 0 native plugins for Editor in 0.00 ms.
Mono: successfully reloaded assembly
- Completed reload, in  1.251 seconds
Platform modules already initialized, skipping
Refreshing native plugins compatible for Editor in 0.55 ms, found 2 plugins.
Preloading 0 native plugins for Editor in 0.00 ms.
Unloading 2298 Unused Serialized files (Serialized files now loaded: 0)
System memory in use before: 109.8 MB.
System memory in use after: 109.9 MB.

Unloading 29 unused Assets to reduce memory usage. Loaded Objects now: 2770.
Total: 3.048800 ms (FindLiveObjects: 0.327700 ms CreateObjectMapping: 0.140000 ms MarkObjects: 2.417300 ms  DeleteObjects: 0.162800 ms)

========================================================================
Received Import Request.
  Time since last request: 192.123549 seconds.
  path: Assets/Sprites/pause.png
  artifactKey: Guid(2a68bf7f6abb3aa4daf57d051c2e89d7) Importer(815301076,1909f56bfc062723c751e8b465ee728b)
Start importing Assets/Sprites/pause.png using Guid(2a68bf7f6abb3aa4daf57d051c2e89d7) Importer(815301076,1909f56bfc062723c751e8b465ee728b)  -> (artifact id: '12529fa2f4dc00ceec64b3ab907dfe07') in 0.078477 seconds
  Import took 0.101300 seconds .

========================================================================
Received Prepare
Registering precompiled user dll's ...
Registered in 0.007098 seconds.
Begin MonoManager ReloadAssembly
Native extension for WindowsStandalone target not found
Refreshing native plugins compatible for Editor in 1.13 ms, found 2 plugins.
Preloading 0 native plugins for Editor in 0.00 ms.
Mono: successfully reloaded assembly
- Completed reload, in  1.877 seconds
Platform modules already initialized, skipping
Refreshing native plugins compatible for Editor in 1.80 ms, found 2 plugins.
Preloading 0 native plugins for Editor in 0.00 ms.
Unloading 2298 Unused Serialized files (Serialized files now loaded: 0)
System memory in use before: 109.8 MB.
System memory in use after: 109.9 MB.

Unloading 29 unused Assets to reduce memory usage. Loaded Objects now: 2776.
Total: 6.025300 ms (FindLiveObjects: 0.801700 ms CreateObjectMapping: 0.270600 ms MarkObjects: 4.814400 ms  DeleteObjects: 0.136400 ms)

========================================================================
Received Prepare
Registering precompiled user dll's ...
Registered in 0.004593 seconds.
Begin MonoManager ReloadAssembly
Native extension for WindowsStandalone target not found
Refreshing native plugins compatible for Editor in 0.54 ms, found 2 plugins.
Preloading 0 native plugins for Editor in 0.00 ms.
Mono: successfully reloaded assembly
- Completed reload, in  1.165 seconds
Platform modules already initialized, skipping
Refreshing native plugins compatible for Editor in 0.80 ms, found 2 plugins.
Preloading 0 native plugins for Editor in 0.00 ms.
Unloading 2298 Unused Serialized files (Serialized files now loaded: 0)
System memory in use before: 109.8 MB.
System memory in use after: 109.9 MB.

Unloading 29 unused Assets to reduce memory usage. Loaded Objects now: 2781.
Total: 3.224300 ms (FindLiveObjects: 0.311100 ms CreateObjectMapping: 0.171400 ms MarkObjects: 2.586300 ms  DeleteObjects: 0.154200 ms)

========================================================================
Received Import Request.
  Time since last request: 1385.088456 seconds.
  path: Assets/RestartButton.cs
  artifactKey: Guid(8a04e27a72332f9478b2f17abbf49c34) Importer(815301076,1909f56bfc062723c751e8b465ee728b)
Start importing Assets/RestartButton.cs using Guid(8a04e27a72332f9478b2f17abbf49c34) Importer(815301076,1909f56bfc062723c751e8b465ee728b)  -> (artifact id: 'b8c6c132a29f3f72c910b69461776225') in 0.170692 seconds
  Import took 0.201936 seconds .

========================================================================
Received Prepare
Registering precompiled user dll's ...
Registered in 0.006042 seconds.
Begin MonoManager ReloadAssembly
Native extension for WindowsStandalone target not found
Refreshing native plugins compatible for Editor in 0.53 ms, found 2 plugins.
Preloading 0 native plugins for Editor in 0.00 ms.
Mono: successfully reloaded assembly
- Completed reload, in  1.227 seconds
Platform modules already initialized, skipping
Refreshing native plugins compatible for Editor in 0.80 ms, found 2 plugins.
Preloading 0 native plugins for Editor in 0.00 ms.
Unloading 2297 Unused Serialized files (Serialized files now loaded: 0)
System memory in use before: 109.8 MB.
System memory in use after: 109.9 MB.

Unloading 30 unused Assets to reduce memory usage. Loaded Objects now: 2785.
Total: 5.153500 ms (FindLiveObjects: 0.288100 ms CreateObjectMapping: 1.465200 ms MarkObjects: 3.268800 ms  DeleteObjects: 0.129900 ms)

========================================================================
Received Prepare
Registering precompiled user dll's ...
Registered in 0.004771 seconds.
Begin MonoManager ReloadAssembly
Native extension for WindowsStandalone target not found
Refreshing native plugins compatible for Editor in 0.63 ms, found 2 plugins.
Preloading 0 native plugins for Editor in 0.00 ms.
Mono: successfully reloaded assembly
- Completed reload, in  1.198 seconds
Platform modules already initialized, skipping
Refreshing native plugins compatible for Editor in 0.57 ms, found 2 plugins.
Preloading 0 native plugins for Editor in 0.00 ms.
Unloading 2297 Unused Serialized files (Serialized files now loaded: 0)
System memory in use before: 109.8 MB.
System memory in use after: 109.9 MB.

Unloading 29 unused Assets to reduce memory usage. Loaded Objects now: 2790.
Total: 3.244700 ms (FindLiveObjects: 0.447600 ms CreateObjectMapping: 0.188500 ms MarkObjects: 2.480500 ms  DeleteObjects: 0.126200 ms)

========================================================================
Received Import Request.
  Time since last request: 16.047145 seconds.
  path: Assets/Scripts/HumanPlayer.cs
  artifactKey: Guid(17cd6602b943646789d74b96b21d341f) Importer(815301076,1909f56bfc062723c751e8b465ee728b)
Start importing Assets/Scripts/HumanPlayer.cs using Guid(17cd6602b943646789d74b96b21d341f) Importer(815301076,1909f56bfc062723c751e8b465ee728b)  -> (artifact id: '146d2bb9c5a23366f3a0b6ff14c99ac9') in 0.009418 seconds
  Import took 0.032437 seconds .

========================================================================
Received Prepare
Registering precompiled user dll's ...
Registered in 0.006484 seconds.
Begin MonoManager ReloadAssembly
Native extension for WindowsStandalone target not found
Refreshing native plugins compatible for Editor in 0.61 ms, found 2 plugins.
Preloading 0 native plugins for Editor in 0.00 ms.
Mono: successfully reloaded assembly
- Completed reload, in  1.194 seconds
Platform modules already initialized, skipping
Refreshing native plugins compatible for Editor in 0.56 ms, found 2 plugins.
Preloading 0 native plugins for Editor in 0.00 ms.
Unloading 2297 Unused Serialized files (Serialized files now loaded: 0)
System memory in use before: 109.8 MB.
System memory in use after: 109.9 MB.

Unloading 29 unused Assets to reduce memory usage. Loaded Objects now: 2795.
Total: 2.825500 ms (FindLiveObjects: 0.295700 ms CreateObjectMapping: 0.114100 ms MarkObjects: 2.282300 ms  DeleteObjects: 0.132200 ms)

========================================================================
Received Import Request.
  Time since last request: 429.093577 seconds.
  path: Assets/Scripts/HumanPlayer.cs
  artifactKey: Guid(17cd6602b943646789d74b96b21d341f) Importer(815301076,1909f56bfc062723c751e8b465ee728b)
Start importing Assets/Scripts/HumanPlayer.cs using Guid(17cd6602b943646789d74b96b21d341f) Importer(815301076,1909f56bfc062723c751e8b465ee728b)  -> (artifact id: '79eb646af9e94fe888bdce8624145155') in 0.005784 seconds
  Import took 0.045389 seconds .

========================================================================
Received Import Request.
  Time since last request: 0.009348 seconds.
  path: Assets/Scripts/HumanPlayer.cs
  artifactKey: Guid(17cd6602b943646789d74b96b21d341f) Importer(815301076,1909f56bfc062723c751e8b465ee728b)
Start importing Assets/Scripts/HumanPlayer.cs using Guid(17cd6602b943646789d74b96b21d341f) Importer(815301076,1909f56bfc062723c751e8b465ee728b)  -> (artifact id: '79eb646af9e94fe888bdce8624145155') in 0.002724 seconds
  Import took 0.007057 seconds .

========================================================================
Received Prepare
Registering precompiled user dll's ...
Registered in 0.004490 seconds.
Begin MonoManager ReloadAssembly
Native extension for WindowsStandalone target not found
Refreshing native plugins compatible for Editor in 0.64 ms, found 2 plugins.
Preloading 0 native plugins for Editor in 0.00 ms.
Mono: successfully reloaded assembly
- Completed reload, in  1.185 seconds
Platform modules already initialized, skipping
Refreshing native plugins compatible for Editor in 0.59 ms, found 2 plugins.
Preloading 0 native plugins for Editor in 0.00 ms.
Unloading 2297 Unused Serialized files (Serialized files now loaded: 0)
System memory in use before: 109.9 MB.
System memory in use after: 109.9 MB.

Unloading 29 unused Assets to reduce memory usage. Loaded Objects now: 2800.
Total: 2.730700 ms (FindLiveObjects: 0.354600 ms CreateObjectMapping: 0.182700 ms MarkObjects: 2.063900 ms  DeleteObjects: 0.128000 ms)

========================================================================
Received Prepare
Registering precompiled user dll's ...
Registered in 0.004588 seconds.
Begin MonoManager ReloadAssembly
Native extension for WindowsStandalone target not found
Refreshing native plugins compatible for Editor in 0.55 ms, found 2 plugins.
Preloading 0 native plugins for Editor in 0.00 ms.
Mono: successfully reloaded assembly
- Completed reload, in  1.197 seconds
Platform modules already initialized, skipping
Refreshing native plugins compatible for Editor in 0.66 ms, found 2 plugins.
Preloading 0 native plugins for Editor in 0.00 ms.
Unloading 2297 Unused Serialized files (Serialized files now loaded: 0)
System memory in use before: 109.9 MB.
System memory in use after: 109.9 MB.

Unloading 29 unused Assets to reduce memory usage. Loaded Objects now: 2805.
Total: 2.754300 ms (FindLiveObjects: 0.360400 ms CreateObjectMapping: 0.146200 ms MarkObjects: 2.117800 ms  DeleteObjects: 0.127600 ms)

========================================================================
Received Prepare
Registering precompiled user dll's ...
Registered in 0.004397 seconds.
Begin MonoManager ReloadAssembly
Native extension for WindowsStandalone target not found
Refreshing native plugins compatible for Editor in 0.89 ms, found 2 plugins.
Preloading 0 native plugins for Editor in 0.00 ms.
Mono: successfully reloaded assembly
- Completed reload, in  1.177 seconds
Platform modules already initialized, skipping
Refreshing native plugins compatible for Editor in 0.56 ms, found 2 plugins.
Preloading 0 native plugins for Editor in 0.00 ms.
Unloading 2297 Unused Serialized files (Serialized files now loaded: 0)
System memory in use before: 109.9 MB.
System memory in use after: 109.9 MB.

Unloading 29 unused Assets to reduce memory usage. Loaded Objects now: 2810.
Total: 3.119700 ms (FindLiveObjects: 0.253100 ms CreateObjectMapping: 0.117300 ms MarkObjects: 2.606900 ms  DeleteObjects: 0.140700 ms)

========================================================================
Received Prepare
Registering precompiled user dll's ...
Registered in 0.007593 seconds.
Begin MonoManager ReloadAssembly
Native extension for WindowsStandalone target not found
Refreshing native plugins compatible for Editor in 0.59 ms, found 2 plugins.
Preloading 0 native plugins for Editor in 0.00 ms.
Mono: successfully reloaded assembly
- Completed reload, in  1.932 seconds
Platform modules already initialized, skipping
Refreshing native plugins compatible for Editor in 0.65 ms, found 2 plugins.
Preloading 0 native plugins for Editor in 0.00 ms.
Unloading 2297 Unused Serialized files (Serialized files now loaded: 0)
System memory in use before: 109.9 MB.
System memory in use after: 110.0 MB.

Unloading 29 unused Assets to reduce memory usage. Loaded Objects now: 2815.
Total: 5.989500 ms (FindLiveObjects: 1.317400 ms CreateObjectMapping: 0.218900 ms MarkObjects: 4.318100 ms  DeleteObjects: 0.133500 ms)

========================================================================
Received Prepare
Registering precompiled user dll's ...
Registered in 0.005008 seconds.
Begin MonoManager ReloadAssembly
Native extension for WindowsStandalone target not found
Refreshing native plugins compatible for Editor in 0.64 ms, found 2 plugins.
Preloading 0 native plugins for Editor in 0.00 ms.
Mono: successfully reloaded assembly
- Completed reload, in  1.894 seconds
Platform modules already initialized, skipping
Refreshing native plugins compatible for Editor in 0.69 ms, found 2 plugins.
Preloading 0 native plugins for Editor in 0.00 ms.
Unloading 2297 Unused Serialized files (Serialized files now loaded: 0)
System memory in use before: 109.9 MB.
System memory in use after: 110.0 MB.

Unloading 29 unused Assets to reduce memory usage. Loaded Objects now: 2820.
Total: 3.799700 ms (FindLiveObjects: 0.427000 ms CreateObjectMapping: 0.470800 ms MarkObjects: 2.611600 ms  DeleteObjects: 0.288900 ms)

========================================================================
Received Prepare
Registering precompiled user dll's ...
Registered in 0.205103 seconds.
Begin MonoManager ReloadAssembly
Native extension for WindowsStandalone target not found
Refreshing native plugins compatible for Editor in 0.52 ms, found 2 plugins.
Preloading 0 native plugins for Editor in 0.00 ms.
Mono: successfully reloaded assembly
- Completed reload, in  1.451 seconds
Platform modules already initialized, skipping
Refreshing native plugins compatible for Editor in 0.56 ms, found 2 plugins.
Preloading 0 native plugins for Editor in 0.00 ms.
Unloading 2297 Unused Serialized files (Serialized files now loaded: 0)
System memory in use before: 109.9 MB.
System memory in use after: 110.0 MB.

Unloading 29 unused Assets to reduce memory usage. Loaded Objects now: 2825.
Total: 3.366400 ms (FindLiveObjects: 0.380800 ms CreateObjectMapping: 0.212500 ms MarkObjects: 2.631400 ms  DeleteObjects: 0.140000 ms)

========================================================================
Received Prepare
Registering precompiled user dll's ...
Registered in 0.004411 seconds.
Begin MonoManager ReloadAssembly
Native extension for WindowsStandalone target not found
Refreshing native plugins compatible for Editor in 0.53 ms, found 2 plugins.
Preloading 0 native plugins for Editor in 0.00 ms.
Mono: successfully reloaded assembly
- Completed reload, in  1.193 seconds
Platform modules already initialized, skipping
Refreshing native plugins compatible for Editor in 0.55 ms, found 2 plugins.
Preloading 0 native plugins for Editor in 0.00 ms.
Unloading 2297 Unused Serialized files (Serialized files now loaded: 0)
System memory in use before: 109.9 MB.
System memory in use after: 110.0 MB.

Unloading 29 unused Assets to reduce memory usage. Loaded Objects now: 2830.
Total: 3.052700 ms (FindLiveObjects: 0.279200 ms CreateObjectMapping: 0.128900 ms MarkObjects: 2.509400 ms  DeleteObjects: 0.134300 ms)

========================================================================
Received Prepare
Registering precompiled user dll's ...
Registered in 0.005828 seconds.
Begin MonoManager ReloadAssembly
Native extension for WindowsStandalone target not found
Refreshing native plugins compatible for Editor in 1.67 ms, found 2 plugins.
Preloading 0 native plugins for Editor in 0.00 ms.
Mono: successfully reloaded assembly
- Completed reload, in  1.553 seconds
Platform modules already initialized, skipping
Refreshing native plugins compatible for Editor in 0.61 ms, found 2 plugins.
Preloading 0 native plugins for Editor in 0.00 ms.
Unloading 2297 Unused Serialized files (Serialized files now loaded: 0)
System memory in use before: 109.9 MB.
System memory in use after: 110.0 MB.

Unloading 29 unused Assets to reduce memory usage. Loaded Objects now: 2835.
Total: 2.684400 ms (FindLiveObjects: 0.352600 ms CreateObjectMapping: 0.165600 ms MarkObjects: 2.041200 ms  DeleteObjects: 0.123500 ms)

========================================================================
Received Prepare
Registering precompiled user dll's ...
Registered in 0.005250 seconds.
Begin MonoManager ReloadAssembly
Native extension for WindowsStandalone target not found
Refreshing native plugins compatible for Editor in 0.53 ms, found 2 plugins.
Preloading 0 native plugins for Editor in 0.00 ms.
Mono: successfully reloaded assembly
- Completed reload, in  1.259 seconds
Platform modules already initialized, skipping
Refreshing native plugins compatible for Editor in 0.56 ms, found 2 plugins.
Preloading 0 native plugins for Editor in 0.00 ms.
Unloading 2297 Unused Serialized files (Serialized files now loaded: 0)
System memory in use before: 110.0 MB.
System memory in use after: 110.0 MB.

Unloading 29 unused Assets to reduce memory usage. Loaded Objects now: 2840.
Total: 3.430900 ms (FindLiveObjects: 0.761600 ms CreateObjectMapping: 0.228800 ms MarkObjects: 2.305300 ms  DeleteObjects: 0.134200 ms)

========================================================================
Received Prepare
Registering precompiled user dll's ...
Registered in 0.004723 seconds.
Begin MonoManager ReloadAssembly
Native extension for WindowsStandalone target not found
Refreshing native plugins compatible for Editor in 0.54 ms, found 2 plugins.
Preloading 0 native plugins for Editor in 0.00 ms.
Mono: successfully reloaded assembly
- Completed reload, in  1.181 seconds
Platform modules already initialized, skipping
Refreshing native plugins compatible for Editor in 0.57 ms, found 2 plugins.
Preloading 0 native plugins for Editor in 0.00 ms.
Unloading 2297 Unused Serialized files (Serialized files now loaded: 0)
System memory in use before: 110.0 MB.
System memory in use after: 110.0 MB.

Unloading 29 unused Assets to reduce memory usage. Loaded Objects now: 2845.
Total: 3.608800 ms (FindLiveObjects: 0.727200 ms CreateObjectMapping: 0.145700 ms MarkObjects: 2.595600 ms  DeleteObjects: 0.138900 ms)

========================================================================
Received Prepare
Registering precompiled user dll's ...
Registered in 0.004792 seconds.
Begin MonoManager ReloadAssembly
Native extension for WindowsStandalone target not found
Refreshing native plugins compatible for Editor in 0.91 ms, found 2 plugins.
Preloading 0 native plugins for Editor in 0.00 ms.
Mono: successfully reloaded assembly
- Completed reload, in  1.173 seconds
Platform modules already initialized, skipping
Refreshing native plugins compatible for Editor in 0.56 ms, found 2 plugins.
Preloading 0 native plugins for Editor in 0.00 ms.
Unloading 2297 Unused Serialized files (Serialized files now loaded: 0)
System memory in use before: 110.0 MB.
System memory in use after: 110.0 MB.

Unloading 29 unused Assets to reduce memory usage. Loaded Objects now: 2850.
Total: 4.174700 ms (FindLiveObjects: 0.316000 ms CreateObjectMapping: 0.197400 ms MarkObjects: 3.529500 ms  DeleteObjects: 0.130300 ms)

========================================================================
Received Prepare
Registering precompiled user dll's ...
Registered in 0.005641 seconds.
Begin MonoManager ReloadAssembly
Native extension for WindowsStandalone target not found
Refreshing native plugins compatible for Editor in 0.53 ms, found 2 plugins.
Preloading 0 native plugins for Editor in 0.00 ms.
Mono: successfully reloaded assembly
- Completed reload, in  1.246 seconds
Platform modules already initialized, skipping
Refreshing native plugins compatible for Editor in 0.56 ms, found 2 plugins.
Preloading 0 native plugins for Editor in 0.00 ms.
Unloading 2297 Unused Serialized files (Serialized files now loaded: 0)
System memory in use before: 110.0 MB.
System memory in use after: 110.1 MB.

Unloading 29 unused Assets to reduce memory usage. Loaded Objects now: 2855.
Total: 3.057700 ms (FindLiveObjects: 0.335000 ms CreateObjectMapping: 0.159100 ms MarkObjects: 2.439800 ms  DeleteObjects: 0.122300 ms)

========================================================================
Received Prepare
Registering precompiled user dll's ...
Registered in 0.005470 seconds.
Begin MonoManager ReloadAssembly
Native extension for WindowsStandalone target not found
Refreshing native plugins compatible for Editor in 0.70 ms, found 2 plugins.
Preloading 0 native plugins for Editor in 0.00 ms.
Mono: successfully reloaded assembly
- Completed reload, in  1.246 seconds
Platform modules already initialized, skipping
Refreshing native plugins compatible for Editor in 0.59 ms, found 2 plugins.
Preloading 0 native plugins for Editor in 0.00 ms.
Unloading 2297 Unused Serialized files (Serialized files now loaded: 0)
System memory in use before: 110.0 MB.
System memory in use after: 110.1 MB.

Unloading 29 unused Assets to reduce memory usage. Loaded Objects now: 2860.
Total: 3.199400 ms (FindLiveObjects: 0.284200 ms CreateObjectMapping: 0.545700 ms MarkObjects: 2.214600 ms  DeleteObjects: 0.153900 ms)

========================================================================
Received Prepare
Registering precompiled user dll's ...
Registered in 0.004304 seconds.
Begin MonoManager ReloadAssembly
Native extension for WindowsStandalone target not found
Refreshing native plugins compatible for Editor in 0.76 ms, found 2 plugins.
Preloading 0 native plugins for Editor in 0.00 ms.
Mono: successfully reloaded assembly
- Completed reload, in  1.233 seconds
Platform modules already initialized, skipping
Refreshing native plugins compatible for Editor in 0.60 ms, found 2 plugins.
Preloading 0 native plugins for Editor in 0.00 ms.
Unloading 2297 Unused Serialized files (Serialized files now loaded: 0)
System memory in use before: 110.0 MB.
System memory in use after: 110.1 MB.

Unloading 29 unused Assets to reduce memory usage. Loaded Objects now: 2865.
Total: 2.823900 ms (FindLiveObjects: 0.282600 ms CreateObjectMapping: 0.134200 ms MarkObjects: 2.209800 ms  DeleteObjects: 0.196000 ms)

AssetImportWorkerClient::OnTransportError - code=2 error=End of file
