Using pre-set license
Built from '2020.3/release' branch; Version is '2020.3.7f1 (dd97f2c94397) revision 14522354'; Using compiler version '192528614'; Build Type 'Release'
OS: 'Windows 10 Home; OS build 19042.1348; Version 2009; 64bit' Language: 'en' Physical Memory: 8141 MB
BatchMode: 1, IsHumanControllingUs: 0, StartBugReporterOnCrash: 0, Is64bit: 1, IsPro: 0

 COMMAND LINE ARGUMENTS:
C:\Program Files\Unity\Hub\Editor\2020.3.7f1\Editor\Unity.exe
-adb2
-batchMode
-noUpm
-name
AssetImportWorker1
-projectPath
D:/Air_Hockey_AI_Opponent
-logFile
Logs/AssetImportWorker1.log
-srvPort
52786
Successfully changed project path to: D:/Air_Hockey_AI_Opponent
D:/Air_Hockey_AI_Opponent
Using Asset Import Pipeline V2.
Refreshing native plugins compatible for Editor in 51.33 ms, found 2 plugins.
Preloading 0 native plugins for Editor in 0.00 ms.
Initialize engine version: 2020.3.7f1 (dd97f2c94397)
[Subsystems] Discovering subsystems at path C:/Program Files/Unity/Hub/Editor/2020.3.7f1/Editor/Data/Resources/UnitySubsystems
[Subsystems] Discovering subsystems at path D:/Air_Hockey_AI_Opponent/Assets
GfxDevice: creating device client; threaded=0
Direct3D:
    Version:  Direct3D 11.0 [level 11.1]
    Renderer: NVIDIA GeForce GTX 1060 3GB (ID=0x1c02)
    Vendor:   
    VRAM:     2988 MB
    Driver:   27.21.14.5671
Initialize mono
Mono path[0] = 'C:/Program Files/Unity/Hub/Editor/2020.3.7f1/Editor/Data/Managed'
Mono path[1] = 'C:/Program Files/Unity/Hub/Editor/2020.3.7f1/Editor/Data/MonoBleedingEdge/lib/mono/unityjit'
Mono config path = 'C:/Program Files/Unity/Hub/Editor/2020.3.7f1/Editor/Data/MonoBleedingEdge/etc'
Using monoOptions --debugger-agent=transport=dt_socket,embedding=1,server=y,suspend=n,address=127.0.0.1:56840
Begin MonoManager ReloadAssembly
Registering precompiled unity dll's ...
Register platform support module: C:/Program Files/Unity/Hub/Editor/2020.3.7f1/Editor/Data/PlaybackEngines/WindowsStandaloneSupport/UnityEditor.WindowsStandalone.Extensions.dll
Registered in 0.002430 seconds.
Native extension for WindowsStandalone target not found
Refreshing native plugins compatible for Editor in 46.66 ms, found 2 plugins.
Preloading 0 native plugins for Editor in 0.00 ms.
Mono: successfully reloaded assembly
- Completed reload, in  2.318 seconds
Platform modules already initialized, skipping
Registering precompiled user dll's ...
Registered in 0.004692 seconds.
Begin MonoManager ReloadAssembly
Native extension for WindowsStandalone target not found
Refreshing native plugins compatible for Editor in 47.42 ms, found 2 plugins.
Preloading 0 native plugins for Editor in 0.00 ms.
Mono: successfully reloaded assembly
- Completed reload, in  1.731 seconds
Platform modules already initialized, skipping
========================================================================
Worker process is ready to serve import requests
Launched and connected shader compiler UnityShaderCompiler.exe after 0.36 seconds
Refreshing native plugins compatible for Editor in 0.49 ms, found 2 plugins.
Preloading 0 native plugins for Editor in 0.00 ms.
Unloading 2267 Unused Serialized files (Serialized files now loaded: 0)
System memory in use before: 104.8 MB.
System memory in use after: 104.8 MB.

Unloading 42 unused Assets to reduce memory usage. Loaded Objects now: 2695.
Total: 2.990300 ms (FindLiveObjects: 0.381900 ms CreateObjectMapping: 0.277300 ms MarkObjects: 2.166200 ms  DeleteObjects: 0.163800 ms)

========================================================================
Received Import Request.
  path: Assets/Prefabs/Table.prefab
  artifactKey: Guid(92d2d4edbd936354a930bd17ea0326c6) Importer(815301076,1909f56bfc062723c751e8b465ee728b)
Start importing Assets/Prefabs/Table.prefab using Guid(92d2d4edbd936354a930bd17ea0326c6) Importer(815301076,1909f56bfc062723c751e8b465ee728b)  -> (artifact id: '2e790e90f9c19cd3053aed023b6edae2') in 3.442931 seconds
  Import took 3.455277 seconds .

========================================================================
Received Prepare
Registering precompiled user dll's ...
Registered in 0.005196 seconds.
Begin MonoManager ReloadAssembly
Native extension for WindowsStandalone target not found
Refreshing native plugins compatible for Editor in 0.52 ms, found 2 plugins.
Preloading 0 native plugins for Editor in 0.00 ms.
Mono: successfully reloaded assembly
- Completed reload, in  1.166 seconds
Platform modules already initialized, skipping
Refreshing native plugins compatible for Editor in 0.55 ms, found 2 plugins.
Preloading 0 native plugins for Editor in 0.00 ms.
Unloading 2262 Unused Serialized files (Serialized files now loaded: 0)
System memory in use before: 107.8 MB.
System memory in use after: 107.9 MB.

Unloading 29 unused Assets to reduce memory usage. Loaded Objects now: 2707.
Total: 3.094200 ms (FindLiveObjects: 0.240300 ms CreateObjectMapping: 0.107800 ms MarkObjects: 2.600400 ms  DeleteObjects: 0.144700 ms)

========================================================================
Received Prepare
Registering precompiled user dll's ...
Registered in 0.005759 seconds.
Begin MonoManager ReloadAssembly
Native extension for WindowsStandalone target not found
Refreshing native plugins compatible for Editor in 0.61 ms, found 2 plugins.
Preloading 0 native plugins for Editor in 0.00 ms.
Mono: successfully reloaded assembly
- Completed reload, in  1.193 seconds
Platform modules already initialized, skipping
Refreshing native plugins compatible for Editor in 0.70 ms, found 2 plugins.
Preloading 0 native plugins for Editor in 0.00 ms.
Unloading 2262 Unused Serialized files (Serialized files now loaded: 0)
System memory in use before: 107.9 MB.
System memory in use after: 107.9 MB.

Unloading 29 unused Assets to reduce memory usage. Loaded Objects now: 2712.
Total: 5.415200 ms (FindLiveObjects: 0.294100 ms CreateObjectMapping: 0.190000 ms MarkObjects: 4.778700 ms  DeleteObjects: 0.151000 ms)

========================================================================
Received Import Request.
  Time since last request: 963.930115 seconds.
  path: Assets/Prefabs/Table.prefab
  artifactKey: Guid(92d2d4edbd936354a930bd17ea0326c6) Importer(815301076,1909f56bfc062723c751e8b465ee728b)
Start importing Assets/Prefabs/Table.prefab using Guid(92d2d4edbd936354a930bd17ea0326c6) Importer(815301076,1909f56bfc062723c751e8b465ee728b)  -> (artifact id: 'c8ecfef00c5007fc015beae846ba3e6b') in 0.112128 seconds
  Import took 0.139862 seconds .

========================================================================
Received Import Request.
  Time since last request: 42.623245 seconds.
  path: Assets/Prefabs/Table.prefab
  artifactKey: Guid(92d2d4edbd936354a930bd17ea0326c6) Importer(815301076,1909f56bfc062723c751e8b465ee728b)
Start importing Assets/Prefabs/Table.prefab using Guid(92d2d4edbd936354a930bd17ea0326c6) Importer(815301076,1909f56bfc062723c751e8b465ee728b)  -> (artifact id: '463b823b98f69733bec8553262e0c5c4') in 0.021614 seconds
  Import took 0.027506 seconds .

========================================================================
Received Import Request.
  Time since last request: 10.896929 seconds.
  path: Assets/Prefabs/Table.prefab
  artifactKey: Guid(92d2d4edbd936354a930bd17ea0326c6) Importer(815301076,1909f56bfc062723c751e8b465ee728b)
Start importing Assets/Prefabs/Table.prefab using Guid(92d2d4edbd936354a930bd17ea0326c6) Importer(815301076,1909f56bfc062723c751e8b465ee728b)  -> (artifact id: '341d1151f2acc005e24e5cb1cf1eece8') in 0.038250 seconds
  Import took 0.043129 seconds .

========================================================================
Received Import Request.
  Time since last request: 3.747500 seconds.
  path: Assets/Prefabs/Table.prefab
  artifactKey: Guid(92d2d4edbd936354a930bd17ea0326c6) Importer(815301076,1909f56bfc062723c751e8b465ee728b)
Start importing Assets/Prefabs/Table.prefab using Guid(92d2d4edbd936354a930bd17ea0326c6) Importer(815301076,1909f56bfc062723c751e8b465ee728b)  -> (artifact id: '441a83fdb8fe560c89820836de86b599') in 0.021362 seconds
  Import took 0.038268 seconds .

========================================================================
Received Prepare
Registering precompiled user dll's ...
Registered in 0.006703 seconds.
Begin MonoManager ReloadAssembly
Native extension for WindowsStandalone target not found
Refreshing native plugins compatible for Editor in 1.69 ms, found 2 plugins.
Preloading 0 native plugins for Editor in 0.00 ms.
Mono: successfully reloaded assembly
- Completed reload, in  1.504 seconds
Platform modules already initialized, skipping
Refreshing native plugins compatible for Editor in 0.58 ms, found 2 plugins.
Preloading 0 native plugins for Editor in 0.00 ms.
Unloading 2262 Unused Serialized files (Serialized files now loaded: 0)
System memory in use before: 107.9 MB.
System memory in use after: 108.0 MB.

Unloading 29 unused Assets to reduce memory usage. Loaded Objects now: 2718.
Total: 3.190200 ms (FindLiveObjects: 0.275400 ms CreateObjectMapping: 0.119000 ms MarkObjects: 2.666100 ms  DeleteObjects: 0.128000 ms)

========================================================================
Received Import Request.
  Time since last request: 82.638122 seconds.
  path: Assets/Prefabs/Table.prefab
  artifactKey: Guid(92d2d4edbd936354a930bd17ea0326c6) Importer(815301076,1909f56bfc062723c751e8b465ee728b)
Start importing Assets/Prefabs/Table.prefab using Guid(92d2d4edbd936354a930bd17ea0326c6) Importer(815301076,1909f56bfc062723c751e8b465ee728b)  -> (artifact id: '3e978190b2a2f52a00a08fdbed44b135') in 0.107646 seconds
  Import took 0.174494 seconds .

========================================================================
Received Import Request.
  Time since last request: 2.549831 seconds.
  path: Assets/Prefabs/Table.prefab
  artifactKey: Guid(92d2d4edbd936354a930bd17ea0326c6) Importer(815301076,1909f56bfc062723c751e8b465ee728b)
Start importing Assets/Prefabs/Table.prefab using Guid(92d2d4edbd936354a930bd17ea0326c6) Importer(815301076,1909f56bfc062723c751e8b465ee728b)  -> (artifact id: 'bf09d734f3014f24ad957e990df30b64') in 0.023878 seconds
  Import took 0.037556 seconds .

========================================================================
Received Import Request.
  Time since last request: 3.253045 seconds.
  path: Assets/Prefabs/Table.prefab
  artifactKey: Guid(92d2d4edbd936354a930bd17ea0326c6) Importer(815301076,1909f56bfc062723c751e8b465ee728b)
Start importing Assets/Prefabs/Table.prefab using Guid(92d2d4edbd936354a930bd17ea0326c6) Importer(815301076,1909f56bfc062723c751e8b465ee728b)  -> (artifact id: 'caced963292b3c60f8811dd50de96a3d') in 0.014893 seconds
  Import took 0.030533 seconds .

========================================================================
Received Import Request.
  Time since last request: 4.207845 seconds.
  path: Assets/Prefabs/Table.prefab
  artifactKey: Guid(92d2d4edbd936354a930bd17ea0326c6) Importer(815301076,1909f56bfc062723c751e8b465ee728b)
Start importing Assets/Prefabs/Table.prefab using Guid(92d2d4edbd936354a930bd17ea0326c6) Importer(815301076,1909f56bfc062723c751e8b465ee728b)  -> (artifact id: 'afa44aee145d788e46498ef0425eff72') in 0.027435 seconds
  Import took 0.049796 seconds .

========================================================================
Received Import Request.
  Time since last request: 2.351246 seconds.
  path: Assets/Prefabs/Table.prefab
  artifactKey: Guid(92d2d4edbd936354a930bd17ea0326c6) Importer(815301076,1909f56bfc062723c751e8b465ee728b)
Start importing Assets/Prefabs/Table.prefab using Guid(92d2d4edbd936354a930bd17ea0326c6) Importer(815301076,1909f56bfc062723c751e8b465ee728b)  -> (artifact id: 'c51dbad75f310a3e7421567be1f3e71d') in 0.033395 seconds
  Import took 0.047613 seconds .

========================================================================
Received Import Request.
  Time since last request: 4.421299 seconds.
  path: Assets/Prefabs/Table.prefab
  artifactKey: Guid(92d2d4edbd936354a930bd17ea0326c6) Importer(815301076,1909f56bfc062723c751e8b465ee728b)
Start importing Assets/Prefabs/Table.prefab using Guid(92d2d4edbd936354a930bd17ea0326c6) Importer(815301076,1909f56bfc062723c751e8b465ee728b)  -> (artifact id: '94014e222c62dbbec983dd9b3e131a91') in 0.018629 seconds
  Import took 0.023936 seconds .

========================================================================
Received Import Request.
  Time since last request: 4.808744 seconds.
  path: Assets/Prefabs/Table.prefab
  artifactKey: Guid(92d2d4edbd936354a930bd17ea0326c6) Importer(815301076,1909f56bfc062723c751e8b465ee728b)
Start importing Assets/Prefabs/Table.prefab using Guid(92d2d4edbd936354a930bd17ea0326c6) Importer(815301076,1909f56bfc062723c751e8b465ee728b)  -> (artifact id: '38a006a2307c4e827d949e2ba4e8d30c') in 0.041794 seconds
  Import took 0.082649 seconds .

========================================================================
Received Import Request.
  Time since last request: 88.103240 seconds.
  path: Assets/Prefabs/Board.prefab
  artifactKey: Guid(c2ed761c91b8a41c2bb9d2336e803ed9) Importer(815301076,1909f56bfc062723c751e8b465ee728b)
Start importing Assets/Prefabs/Board.prefab using Guid(c2ed761c91b8a41c2bb9d2336e803ed9) Importer(815301076,1909f56bfc062723c751e8b465ee728b)  -> (artifact id: 'e6517356f8a960d901ddc3ca6f89f91b') in 0.020368 seconds
  Import took 0.032923 seconds .

========================================================================
Received Import Request.
  Time since last request: 0.000312 seconds.
  path: Assets/Prefabs/Table.prefab
  artifactKey: Guid(92d2d4edbd936354a930bd17ea0326c6) Importer(815301076,1909f56bfc062723c751e8b465ee728b)
Start importing Assets/Prefabs/Table.prefab using Guid(92d2d4edbd936354a930bd17ea0326c6) Importer(815301076,1909f56bfc062723c751e8b465ee728b)  -> (artifact id: 'b3abc8101f749805338ef2b70fac3ca7') in 0.030963 seconds
  Import took 0.047591 seconds .

========================================================================
Received Import Request.
  Time since last request: 6.513452 seconds.
  path: Assets/Prefabs/Board.prefab
  artifactKey: Guid(c2ed761c91b8a41c2bb9d2336e803ed9) Importer(815301076,1909f56bfc062723c751e8b465ee728b)
Start importing Assets/Prefabs/Board.prefab using Guid(c2ed761c91b8a41c2bb9d2336e803ed9) Importer(815301076,1909f56bfc062723c751e8b465ee728b)  -> (artifact id: '246de30aae5a87798f1b02dc5ea75bc2') in 0.015746 seconds
  Import took 0.024896 seconds .

========================================================================
Received Import Request.
  Time since last request: 0.000297 seconds.
  path: Assets/Prefabs/Table.prefab
  artifactKey: Guid(92d2d4edbd936354a930bd17ea0326c6) Importer(815301076,1909f56bfc062723c751e8b465ee728b)
Start importing Assets/Prefabs/Table.prefab using Guid(92d2d4edbd936354a930bd17ea0326c6) Importer(815301076,1909f56bfc062723c751e8b465ee728b)  -> (artifact id: '9c9391cdcf1d97f48cf46018bab393f7') in 0.016781 seconds
  Import took 0.034918 seconds .

========================================================================
Received Import Request.
  Time since last request: 0.004124 seconds.
  path: Assets/Prefabs/Table.prefab
  artifactKey: Guid(92d2d4edbd936354a930bd17ea0326c6) Importer(815301076,1909f56bfc062723c751e8b465ee728b)
Start importing Assets/Prefabs/Table.prefab using Guid(92d2d4edbd936354a930bd17ea0326c6) Importer(815301076,1909f56bfc062723c751e8b465ee728b)  -> (artifact id: '9c9391cdcf1d97f48cf46018bab393f7') in 0.017909 seconds
  Import took 0.023021 seconds .

========================================================================
Received Import Request.
  Time since last request: 3.001892 seconds.
  path: Assets/Prefabs/Board.prefab
  artifactKey: Guid(c2ed761c91b8a41c2bb9d2336e803ed9) Importer(815301076,1909f56bfc062723c751e8b465ee728b)
Start importing Assets/Prefabs/Board.prefab using Guid(c2ed761c91b8a41c2bb9d2336e803ed9) Importer(815301076,1909f56bfc062723c751e8b465ee728b)  -> (artifact id: 'd377bc9eb841c1508ce05e12731692dc') in 0.022292 seconds
  Import took 0.044446 seconds .

========================================================================
Received Import Request.
  Time since last request: 0.000349 seconds.
  path: Assets/Prefabs/Table.prefab
  artifactKey: Guid(92d2d4edbd936354a930bd17ea0326c6) Importer(815301076,1909f56bfc062723c751e8b465ee728b)
Start importing Assets/Prefabs/Table.prefab using Guid(92d2d4edbd936354a930bd17ea0326c6) Importer(815301076,1909f56bfc062723c751e8b465ee728b)  -> (artifact id: '7067bce64ed53cb3f5a2178c379356a0') in 0.018428 seconds
  Import took 0.031428 seconds .

========================================================================
Received Prepare
Registering precompiled user dll's ...
Registered in 0.065162 seconds.
Begin MonoManager ReloadAssembly
Native extension for WindowsStandalone target not found
Refreshing native plugins compatible for Editor in 0.63 ms, found 2 plugins.
Preloading 0 native plugins for Editor in 0.00 ms.
Mono: successfully reloaded assembly
- Completed reload, in  1.207 seconds
Platform modules already initialized, skipping
Refreshing native plugins compatible for Editor in 0.53 ms, found 2 plugins.
Preloading 0 native plugins for Editor in 0.00 ms.
Unloading 2262 Unused Serialized files (Serialized files now loaded: 0)
System memory in use before: 108.0 MB.
System memory in use after: 108.1 MB.

Unloading 29 unused Assets to reduce memory usage. Loaded Objects now: 2724.
Total: 27.167300 ms (FindLiveObjects: 24.277200 ms CreateObjectMapping: 0.162200 ms MarkObjects: 2.574300 ms  DeleteObjects: 0.132100 ms)

========================================================================
Received Prepare
Registering precompiled user dll's ...
Registered in 0.127724 seconds.
Begin MonoManager ReloadAssembly
Native extension for WindowsStandalone target not found
Refreshing native plugins compatible for Editor in 0.53 ms, found 2 plugins.
Preloading 0 native plugins for Editor in 0.00 ms.
Mono: successfully reloaded assembly
- Completed reload, in  2.267 seconds
Platform modules already initialized, skipping
Refreshing native plugins compatible for Editor in 1.08 ms, found 2 plugins.
Preloading 0 native plugins for Editor in 0.00 ms.
Unloading 2262 Unused Serialized files (Serialized files now loaded: 0)
System memory in use before: 108.1 MB.
System memory in use after: 108.1 MB.

Unloading 29 unused Assets to reduce memory usage. Loaded Objects now: 2729.
Total: 3.452400 ms (FindLiveObjects: 0.457900 ms CreateObjectMapping: 0.168100 ms MarkObjects: 2.676100 ms  DeleteObjects: 0.148900 ms)

========================================================================
Received Prepare
Registering precompiled user dll's ...
Registered in 0.004365 seconds.
Begin MonoManager ReloadAssembly
Native extension for WindowsStandalone target not found
Refreshing native plugins compatible for Editor in 0.52 ms, found 2 plugins.
Preloading 0 native plugins for Editor in 0.00 ms.
Mono: successfully reloaded assembly
- Completed reload, in  1.135 seconds
Platform modules already initialized, skipping
Refreshing native plugins compatible for Editor in 0.53 ms, found 2 plugins.
Preloading 0 native plugins for Editor in 0.00 ms.
Unloading 2262 Unused Serialized files (Serialized files now loaded: 0)
System memory in use before: 108.1 MB.
System memory in use after: 108.1 MB.

Unloading 29 unused Assets to reduce memory usage. Loaded Objects now: 2734.
Total: 3.040100 ms (FindLiveObjects: 0.286400 ms CreateObjectMapping: 0.127900 ms MarkObjects: 2.498600 ms  DeleteObjects: 0.126100 ms)

========================================================================
Received Prepare
Registering precompiled user dll's ...
Registered in 0.007698 seconds.
Begin MonoManager ReloadAssembly
Native extension for WindowsStandalone target not found
Refreshing native plugins compatible for Editor in 0.52 ms, found 2 plugins.
Preloading 0 native plugins for Editor in 0.00 ms.
Mono: successfully reloaded assembly
- Completed reload, in  1.088 seconds
Platform modules already initialized, skipping
Refreshing native plugins compatible for Editor in 0.55 ms, found 2 plugins.
Preloading 0 native plugins for Editor in 0.00 ms.
Unloading 2262 Unused Serialized files (Serialized files now loaded: 0)
System memory in use before: 108.1 MB.
System memory in use after: 108.2 MB.

Unloading 29 unused Assets to reduce memory usage. Loaded Objects now: 2739.
Total: 3.222400 ms (FindLiveObjects: 0.289900 ms CreateObjectMapping: 0.128900 ms MarkObjects: 2.653400 ms  DeleteObjects: 0.149300 ms)

========================================================================
Received Prepare
Registering precompiled user dll's ...
Registered in 0.004632 seconds.
Begin MonoManager ReloadAssembly
Native extension for WindowsStandalone target not found
Refreshing native plugins compatible for Editor in 0.51 ms, found 2 plugins.
Preloading 0 native plugins for Editor in 0.00 ms.
Mono: successfully reloaded assembly
- Completed reload, in  1.189 seconds
Platform modules already initialized, skipping
Refreshing native plugins compatible for Editor in 0.58 ms, found 2 plugins.
Preloading 0 native plugins for Editor in 0.00 ms.
Unloading 2262 Unused Serialized files (Serialized files now loaded: 0)
System memory in use before: 108.1 MB.
System memory in use after: 108.2 MB.

Unloading 29 unused Assets to reduce memory usage. Loaded Objects now: 2744.
Total: 3.259300 ms (FindLiveObjects: 0.305700 ms CreateObjectMapping: 0.117300 ms MarkObjects: 2.719600 ms  DeleteObjects: 0.115200 ms)

